<?xml version="1.0" encoding="UTF-8"?>
<testng-results ignored="0" total="3" passed="3" failed="0" skipped="0">
  <reporter-output>
  </reporter-output>
  <suite started-at="2022-07-14T22:14:31 GMT-04:00" name="SAUCE_SUITE" finished-at="2022-07-14T22:14:52 GMT-04:00" duration-ms="20403">
    <groups>
    </groups>
    <test started-at="2022-07-14T22:14:31 GMT-04:00" name="SAUCE TEST" finished-at="2022-07-14T22:14:52 GMT-04:00" duration-ms="20403">
      <class name="com.sauce.tests.LoginTest">
        <test-method signature="logintest()[pri:0, instance:com.sauce.tests.LoginTest@52102734]" started-at="2022-07-14T22:14:32 GMT-04:00" name="logintest" finished-at="2022-07-14T22:14:39 GMT-04:00" duration-ms="7700" status="PASS">
          <reporter-output>
          </reporter-output>
        </test-method> <!-- logintest -->
      </class> <!-- com.sauce.tests.LoginTest -->
      <class name="com.sauce.tests.AddToCartTest">
        <test-method signature="addtocartTest()[pri:0, instance:com.sauce.tests.AddToCartTest@73ee04c8]" started-at="2022-07-14T22:14:39 GMT-04:00" name="addtocartTest" finished-at="2022-07-14T22:14:45 GMT-04:00" duration-ms="5582" status="PASS">
          <reporter-output>
          </reporter-output>
        </test-method> <!-- addtocartTest -->
      </class> <!-- com.sauce.tests.AddToCartTest -->
      <class name="com.sauce.tests.LogOutTest">
        <test-method signature="logoutTest()[pri:0, instance:com.sauce.tests.LogOutTest@7671cb68]" started-at="2022-07-14T22:14:45 GMT-04:00" name="logoutTest" finished-at="2022-07-14T22:14:52 GMT-04:00" duration-ms="7049" status="PASS">
          <reporter-output>
          </reporter-output>
        </test-method> <!-- logoutTest -->
      </class> <!-- com.sauce.tests.LogOutTest -->
    </test> <!-- SAUCE TEST -->
  </suite> <!-- SAUCE_SUITE -->
</testng-results>
