<?xml version="1.0" encoding="UTF-8"?>
<!-- Generated by org.testng.reporters.JUnitXMLReporter -->
<testsuite ignored="0" hostname="DESKTOP-7EUDCAL" failures="0" tests="3" name="SAUCE TEST" time="20.403" errors="0" timestamp="2022-07-14T22:14:52 GMT-04:00">
  <testcase classname="com.sauce.tests.LoginTest" name="logintest" time="7.7"/>
  <testcase classname="com.sauce.tests.AddToCartTest" name="addtocartTest" time="5.582"/>
  <testcase classname="com.sauce.tests.LogOutTest" name="logoutTest" time="7.049"/>
</testsuite> <!-- SAUCE TEST -->
